# JRE version: OpenJDK Runtime Environment (11.0.12+7) (build 11.0.12+7-b1504.28-7817840)
# Java VM: OpenJDK 64-Bit Server VM (11.0.12+7-b1504.28-7817840, mixed mode, tiered, compressed oops, g1 gc, windows-amd64)
Heap:
 garbage-first heap   total 273408K, used 143071K [0x0000000080000000, 0x0000000100000000)
  region size 1024K, 34 young (34816K), 2 survivors (2048K)
 Metaspace       used 118899K, capacity 121925K, committed 122180K, reserved 1155072K
  class space    used 14983K, capacity 16137K, committed 16204K, reserved 1048576K
GC Heap History (20 events):
Event: 19.243 GC heap before
{Heap before GC invocations=19 (full 0):
 garbage-first heap   total 227328K, used 164231K [0x0000000080000000, 0x0000000100000000)
  region size 1024K, 97 young (99328K), 10 survivors (10240K)
 Metaspace       used 89361K, capacity 91481K, committed 91596K, reserved 1128448K
  class space    used 11477K, capacity 12274K, committed 12364K, reserved 1048576K
}
Event: 19.268 GC heap after
{Heap after GC invocations=20 (full 0):
 garbage-first heap   total 227328K, used 83429K [0x0000000080000000, 0x0000000100000000)
  region size 1024K, 13 young (13312K), 13 survivors (13312K)
 Metaspace       used 89361K, capacity 91481K, committed 91596K, reserved 1128448K
  class space    used 11477K, capacity 12274K, committed 12364K, reserved 1048576K
}
Event: 20.395 GC heap before
{Heap before GC invocations=20 (full 0):
 garbage-first heap   total 227328K, used 170469K [0x0000000080000000, 0x0000000100000000)
  region size 1024K, 99 young (101376K), 13 survivors (13312K)
 Metaspace       used 95500K, capacity 97679K, committed 97996K, reserved 1134592K
  class space    used 12248K, capacity 13056K, committed 13132K, reserved 1048576K
}
Event: 20.423 GC heap after
{Heap after GC invocations=21 (full 0):
 garbage-first heap   total 227328K, used 87910K [0x0000000080000000, 0x0000000100000000)
  region size 1024K, 11 young (11264K), 11 survivors (11264K)
 Metaspace       used 95500K, capacity 97679K, committed 97996K, reserved 1134592K
  class space    used 12248K, capacity 13056K, committed 13132K, reserved 1048576K
}
Event: 21.977 GC heap before
{Heap before GC invocations=21 (full 0):
 garbage-first heap   total 227328K, used 174950K [0x0000000080000000, 0x0000000100000000)
  region size 1024K, 97 young (99328K), 11 survivors (11264K)
 Metaspace       used 96603K, capacity 98820K, committed 99148K, reserved 1134592K
  class space    used 12352K, capacity 13178K, committed 13260K, reserved 1048576K
}
Event: 22.002 GC heap after
{Heap after GC invocations=22 (full 0):
 garbage-first heap   total 227328K, used 93457K [0x0000000080000000, 0x0000000100000000)
  region size 1024K, 10 young (10240K), 10 survivors (10240K)
 Metaspace       used 96603K, capacity 98820K, committed 99148K, reserved 1134592K
  class space    used 12352K, capacity 13178K, committed 13260K, reserved 1048576K
}
Event: 23.520 GC heap before
{Heap before GC invocations=22 (full 0):
 garbage-first heap   total 227328K, used 177425K [0x0000000080000000, 0x0000000100000000)
  region size 1024K, 90 young (92160K), 10 survivors (10240K)
 Metaspace       used 98586K, capacity 100830K, committed 100940K, reserved 1136640K
  class space    used 12608K, capacity 13465K, committed 13516K, reserved 1048576K
}
Event: 23.545 GC heap after
{Heap after GC invocations=23 (full 0):
 garbage-first heap   total 227328K, used 98040K [0x0000000080000000, 0x0000000100000000)
  region size 1024K, 10 young (10240K), 10 survivors (10240K)
 Metaspace       used 98586K, capacity 100830K, committed 100940K, reserved 1136640K
  class space    used 12608K, capacity 13465K, committed 13516K, reserved 1048576K
}
Event: 24.667 GC heap before
{Heap before GC invocations=24 (full 0):
 garbage-first heap   total 227328K, used 179960K [0x0000000080000000, 0x0000000100000000)
  region size 1024K, 91 young (93184K), 10 survivors (10240K)
 Metaspace       used 104919K, capacity 107360K, committed 107460K, reserved 1142784K
  class space    used 13484K, capacity 14440K, committed 14540K, reserved 1048576K
}
Event: 24.709 GC heap after
{Heap after GC invocations=25 (full 0):
 garbage-first heap   total 227328K, used 112292K [0x0000000080000000, 0x0000000100000000)
  region size 1024K, 12 young (12288K), 12 survivors (12288K)
 Metaspace       used 104919K, capacity 107360K, committed 107460K, reserved 1142784K
  class space    used 13484K, capacity 14440K, committed 14540K, reserved 1048576K
}
Event: 25.716 GC heap before
{Heap before GC invocations=26 (full 0):
 garbage-first heap   total 227328K, used 179876K [0x0000000080000000, 0x0000000100000000)
  region size 1024K, 79 young (80896K), 12 survivors (12288K)
 Metaspace       used 108852K, capacity 111460K, committed 111556K, reserved 1146880K
  class space    used 13985K, capacity 15036K, committed 15052K, reserved 1048576K
}
Event: 25.740 GC heap after
{Heap after GC invocations=27 (full 0):
 garbage-first heap   total 273408K, used 115618K [0x0000000080000000, 0x0000000100000000)
  region size 1024K, 3 young (3072K), 3 survivors (3072K)
 Metaspace       used 108852K, capacity 111460K, committed 111556K, reserved 1146880K
  class space    used 13985K, capacity 15036K, committed 15052K, reserved 1048576K
}
Event: 27.526 GC heap before
{Heap before GC invocations=27 (full 0):
 garbage-first heap   total 273408K, used 204706K [0x0000000080000000, 0x0000000100000000)
  region size 1024K, 88 young (90112K), 3 survivors (3072K)
 Metaspace       used 112259K, capacity 115085K, committed 115140K, reserved 1148928K
  class space    used 14442K, capacity 15552K, committed 15564K, reserved 1048576K
}
Event: 27.545 GC heap after
{Heap after GC invocations=28 (full 0):
 garbage-first heap   total 273408K, used 121890K [0x0000000080000000, 0x0000000100000000)
  region size 1024K, 10 young (10240K), 10 survivors (10240K)
 Metaspace       used 112259K, capacity 115085K, committed 115140K, reserved 1148928K
  class space    used 14442K, capacity 15552K, committed 15564K, reserved 1048576K
}
Event: 28.259 GC heap before
{Heap before GC invocations=28 (full 0):
 garbage-first heap   total 273408K, used 168994K [0x0000000080000000, 0x0000000100000000)
  region size 1024K, 47 young (48128K), 10 survivors (10240K)
 Metaspace       used 113989K, capacity 116872K, committed 116932K, reserved 1150976K
  class space    used 14634K, capacity 15800K, committed 15820K, reserved 1048576K
}
Event: 28.269 GC heap after
{Heap after GC invocations=29 (full 0):
 garbage-first heap   total 273408K, used 129077K [0x0000000080000000, 0x0000000100000000)
  region size 1024K, 4 young (4096K), 4 survivors (4096K)
 Metaspace       used 113989K, capacity 116872K, committed 116932K, reserved 1150976K
  class space    used 14634K, capacity 15800K, committed 15820K, reserved 1048576K
}
Event: 2482.894 GC heap before
{Heap before GC invocations=30 (full 0):
 garbage-first heap   total 273408K, used 227381K [0x0000000080000000, 0x0000000100000000)
  region size 1024K, 87 young (89088K), 4 survivors (4096K)
 Metaspace       used 118342K, capacity 121323K, committed 121412K, reserved 1155072K
  class space    used 14977K, capacity 16126K, committed 16204K, reserved 1048576K
}
Event: 2482.978 GC heap after
{Heap after GC invocations=31 (full 0):
 garbage-first heap   total 273408K, used 111241K [0x0000000080000000, 0x0000000100000000)
  region size 1024K, 4 young (4096K), 4 survivors (4096K)
 Metaspace       used 118342K, capacity 121323K, committed 121412K, reserved 1155072K
  class space    used 14977K, capacity 16126K, committed 16204K, reserved 1048576K
}
Event: 2633.843 GC heap before
{Heap before GC invocations=31 (full 0):
 garbage-first heap   total 273408K, used 119433K [0x0000000080000000, 0x0000000100000000)
  region size 1024K, 13 young (13312K), 4 survivors (4096K)
 Metaspace       used 118446K, capacity 121430K, committed 121668K, reserved 1155072K
  class space    used 14980K, capacity 16133K, committed 16204K, reserved 1048576K
}
Event: 2633.858 GC heap after
{Heap after GC invocations=32 (full 0):
 garbage-first heap   total 273408K, used 111327K [0x0000000080000000, 0x0000000100000000)
  region size 1024K, 2 young (2048K), 2 survivors (2048K)
 Metaspace       used 118446K, capacity 121430K, committed 121668K, reserved 1155072K
  class space    used 14980K, capacity 16133K, committed 16204K, reserved 1048576K
}

